<?xml version="1.0" encoding="UTF-8"?>
<testsuite name="com.weather.JsonGeneratorTest" tests="4" skipped="0" failures="0" errors="0" timestamp="2022-08-09T14:28:53" hostname="MacBook-Pro.local" time="0.061">
  <properties/>
  <testcase name="1. String Type" classname="com.weather.JsonGeneratorTest" time="0.043"/>
  <testcase name="2. Integer Type" classname="com.weather.JsonGeneratorTest" time="0.003"/>
  <testcase name="3. Enum Type" classname="com.weather.JsonGeneratorTest" time="0.001"/>
  <testcase name="4. Collection Type" classname="com.weather.JsonGeneratorTest" time="0.006"/>
  <system-out><![CDATA[]]></system-out>
  <system-err><![CDATA[]]></system-err>
</testsuite>
