<?xml version="1.0" encoding="UTF-8"?>
<testsuite name="com.weather.JsonGeneratorTest" tests="3" skipped="0" failures="0" errors="0" timestamp="2022-08-08T14:53:14" hostname="MacBook-Pro.local" time="0.08">
  <properties/>
  <testcase name="1. String Type" classname="com.weather.JsonGeneratorTest" time="0.072"/>
  <testcase name="2. Number Type" classname="com.weather.JsonGeneratorTest" time="0.001"/>
  <testcase name="3. Enum Type" classname="com.weather.JsonGeneratorTest" time="0.004"/>
  <system-out><![CDATA[{"test":"TYPE1"}
]]></system-out>
  <system-err><![CDATA[]]></system-err>
</testsuite>
